<?xml version="1.0" encoding="UTF-8"?>
<!-- Generated by org.testng.reporters.JUnitReportReporter -->
<testsuite hostname="AcerAspire-7" failures="0" tests="1" name="runner.RunnerTest" time="6.824" errors="0" timestamp="2025-03-15T11:54:41 IST" skipped="0">
  <testcase classname="runner.RunnerTest" name="runScenario" time="6.824"/>
  <system-out/>
</testsuite> <!-- runner.RunnerTest -->
